<?xml version="1.0" encoding="UTF-8"?>
<!-- Generated by org.testng.reporters.JUnitReportReporter -->
<testsuite hostname="Masud-PC" name="voa.LogIn" tests="1" failures="0" timestamp="20 Sep 2015 08:39:31 GMT" time="21.590" errors="0">
  <testcase name="logIn" time="21.590" classname="voa.LogIn"/>
</testsuite> <!-- voa.LogIn -->
