<?xml version="1.0" encoding="UTF-8"?>
<!-- Generated by org.testng.reporters.JUnitReportReporter -->
<testsuite hostname="Masud-PC" name="CignaTest.navigate" tests="1" failures="0" timestamp="20 Sep 2015 09:41:34 GMT" time="20.014" errors="0">
  <testcase name="navigatecigna" time="20.014" classname="CignaTest.navigate"/>
</testsuite> <!-- CignaTest.navigate -->
