<?xml version="1.0" encoding="UTF-8"?>
<!-- Generated by org.testng.reporters.JUnitReportReporter -->
<testsuite hostname="Masud-PC" name="CignaTest.GlobalProducts" tests="1" failures="0" timestamp="20 Sep 2015 09:41:34 GMT" time="35.645" errors="0">
  <testcase name="global" time="35.645" classname="CignaTest.GlobalProducts"/>
</testsuite> <!-- CignaTest.GlobalProducts -->
